<?xml version="1.0" encoding="UTF-8"?>
<!-- Generated by org.testng.reporters.JUnitXMLReporter -->
<testsuite ignored="0" hostname="LAPTOP-D66QITOR" failures="0" tests="2" name="Default test" time="27.669" errors="0" timestamp="2023-10-04T21:50:36 IST">
  <testcase classname="contactTests.CreateContactWithOrganizationTest" name="createContactWithOrganizationTest" time="11.108"/>
  <testcase classname="contactTests.CreateContactWithOrganizationTest" name="demo" time="0.002"/>
</testsuite> <!-- Default test -->
