<?xml version="1.0" encoding="UTF-8"?>
<!-- Generated by org.testng.reporters.JUnitXMLReporter -->
<testsuite ignored="0" hostname="LAPTOP-D66QITOR" failures="0" tests="3" name="Default test" time="0.047" errors="0" timestamp="2023-10-18T15:00:47 IST">
  <testcase classname="vtigerpractice.TestNGPractice" name="createContact" time="0.007"/>
  <testcase classname="vtigerpractice.TestNGPractice" name="modifyContact" time="0.001"/>
  <testcase classname="vtigerpractice.TestNGPractice" name="deleteContact" time="0.001"/>
</testsuite> <!-- Default test -->
