<?xml version="1.0" encoding="UTF-8"?>
<!-- Generated by org.testng.reporters.JUnitXMLReporter -->
<testsuite ignored="1" hostname="LAPTOP-D66QITOR" failures="0" tests="1" name="Test" time="33.81" errors="0" timestamp="2023-10-21T21:21:35 IST">
  <testcase classname="contactTests.CreateContactWithOrganizationTest" name="createContactWithOrganizationTest" time="22.468"/>
  <testcase classname="contactTests.CreateContactWithOrganizationTest" name="demo" time="0.0">
    <ignored/>
  </testcase> <!-- demo -->
</testsuite> <!-- Test -->
