<?xml version="1.0" encoding="UTF-8"?>
<!-- Generated by org.testng.reporters.JUnitXMLReporter -->
<testsuite ignored="1" hostname="LAPTOP-D66QITOR" failures="0" tests="1" name="Test" time="22.765" errors="0" timestamp="2023-09-24T21:59:57 IST">
  <testcase classname="organziationTests.CreateOrganizationWithIndustryTest" name="createOrganizationWithIndustryTest" time="12.092"/>
  <testcase classname="organziationTests.CreateOrganizationWithIndustryTest" name="demo" time="0.0">
    <ignored/>
  </testcase> <!-- demo -->
</testsuite> <!-- Test -->
