<?xml version="1.0" encoding="UTF-8"?>
<testng-results ignored="0" total="1" passed="1" failed="0" skipped="0">
  <reporter-output>
  </reporter-output>
  <suite started-at="2023-09-29T19:20:24 IST" name="Default suite" finished-at="2023-09-29T19:20:24 IST" duration-ms="47">
    <groups>
    </groups>
    <test started-at="2023-09-29T19:20:24 IST" name="Default test" finished-at="2023-09-29T19:20:24 IST" duration-ms="47">
      <class name="vtigerpractice.ReadDataFromCmdLine">
        <test-method signature="readData()[pri:0, instance:vtigerpractice.ReadDataFromCmdLine@6e171cd7]" started-at="2023-09-29T19:20:24 IST" name="readData" finished-at="2023-09-29T19:20:24 IST" duration-ms="11" status="PASS">
          <reporter-output>
          </reporter-output>
        </test-method> <!-- readData -->
      </class> <!-- vtigerpractice.ReadDataFromCmdLine -->
    </test> <!-- Default test -->
  </suite> <!-- Default suite -->
</testng-results>
