<?xml version="1.0" encoding="UTF-8"?>
<testng-results ignored="0" total="2" passed="1" failed="1" skipped="0">
  <reporter-output>
    <line>
      <![CDATA[Clicked on Organizations Link]]>
    </line>
    <line>
      <![CDATA[Clicked on Organizations Lookup Image]]>
    </line>
    <line>
      <![CDATA[Organization created]]>
    </line>
  </reporter-output>
  <suite started-at="2023-10-04T18:03:25 IST" name="Default suite" finished-at="2023-10-04T18:03:59 IST" duration-ms="33694">
    <groups>
      <group name="SmokeSuite">
        <method signature="CreateContactWithOrganizationTest.createContactWithOrganizationTest()[pri:0, instance:contactTests.CreateContactWithOrganizationTest@6adbc9d]" name="createContactWithOrganizationTest" class="contactTests.CreateContactWithOrganizationTest"/>
      </group> <!-- SmokeSuite -->
    </groups>
    <test started-at="2023-10-04T18:03:25 IST" name="Default test" finished-at="2023-10-04T18:03:59 IST" duration-ms="33694">
      <class name="contactTests.CreateContactWithOrganizationTest">
        <test-method is-config="true" signature="bsConfig()[pri:0, instance:contactTests.CreateContactWithOrganizationTest@6adbc9d]" started-at="2023-10-04T18:03:25 IST" name="bsConfig" finished-at="2023-10-04T18:03:25 IST" duration-ms="9" status="PASS">
          <reporter-output>
          </reporter-output>
        </test-method> <!-- bsConfig -->
        <test-method is-config="true" signature="bcConfig()[pri:0, instance:contactTests.CreateContactWithOrganizationTest@6adbc9d]" started-at="2023-10-04T18:03:26 IST" name="bcConfig" finished-at="2023-10-04T18:03:33 IST" duration-ms="7460" status="PASS">
          <reporter-output>
          </reporter-output>
        </test-method> <!-- bcConfig -->
        <test-method is-config="true" signature="bmConfig()[pri:0, instance:contactTests.CreateContactWithOrganizationTest@6adbc9d]" started-at="2023-10-04T18:03:33 IST" name="bmConfig" finished-at="2023-10-04T18:03:36 IST" duration-ms="3178" status="PASS">
          <reporter-output>
          </reporter-output>
        </test-method> <!-- bmConfig -->
        <test-method signature="createContactWithOrganizationTest()[pri:0, instance:contactTests.CreateContactWithOrganizationTest@6adbc9d]" started-at="2023-10-04T18:03:36 IST" name="createContactWithOrganizationTest" finished-at="2023-10-04T18:03:49 IST" duration-ms="12276" status="FAIL">
          <exception class="java.lang.AssertionError">
            <message>
              <![CDATA[null]]>
            </message>
            <full-stacktrace>
              <![CDATA[java.lang.AssertionError: null
at org.testng.Assert.fail(Assert.java:99)
at org.testng.Assert.fail(Assert.java:106)
at contactTests.CreateContactWithOrganizationTest.createContactWithOrganizationTest(CreateContactWithOrganizationTest.java:123)
at java.base/jdk.internal.reflect.NativeMethodAccessorImpl.invoke0(Native Method)
at java.base/jdk.internal.reflect.NativeMethodAccessorImpl.invoke(NativeMethodAccessorImpl.java:77)
at java.base/jdk.internal.reflect.DelegatingMethodAccessorImpl.invoke(DelegatingMethodAccessorImpl.java:43)
at java.base/java.lang.reflect.Method.invoke(Method.java:568)
at org.testng.internal.MethodInvocationHelper.invokeMethod(MethodInvocationHelper.java:133)
at org.testng.internal.TestInvoker.invokeMethod(TestInvoker.java:598)
at org.testng.internal.TestInvoker.invokeTestMethod(TestInvoker.java:173)
at org.testng.internal.MethodRunner.runInSequence(MethodRunner.java:46)
at org.testng.internal.TestInvoker$MethodInvocationAgent.invoke(TestInvoker.java:824)
at org.testng.internal.TestInvoker.invokeTestMethods(TestInvoker.java:146)
at org.testng.internal.TestMethodWorker.invokeTestMethods(TestMethodWorker.java:146)
at org.testng.internal.TestMethodWorker.run(TestMethodWorker.java:128)
at java.base/java.util.ArrayList.forEach(ArrayList.java:1511)
at org.testng.TestRunner.privateRun(TestRunner.java:794)
at org.testng.TestRunner.run(TestRunner.java:596)
at org.testng.SuiteRunner.runTest(SuiteRunner.java:377)
at org.testng.SuiteRunner.runSequentially(SuiteRunner.java:371)
at org.testng.SuiteRunner.privateRun(SuiteRunner.java:332)
at org.testng.SuiteRunner.run(SuiteRunner.java:276)
at org.testng.SuiteRunnerWorker.runSuite(SuiteRunnerWorker.java:53)
at org.testng.SuiteRunnerWorker.run(SuiteRunnerWorker.java:96)
at org.testng.TestNG.runSuitesSequentially(TestNG.java:1212)
at org.testng.TestNG.runSuitesLocally(TestNG.java:1134)
at org.testng.TestNG.runSuites(TestNG.java:1063)
at org.testng.TestNG.run(TestNG.java:1031)
at org.testng.remote.AbstractRemoteTestNG.run(AbstractRemoteTestNG.java:115)
at org.testng.remote.RemoteTestNG.initAndRun(RemoteTestNG.java:251)
at org.testng.remote.RemoteTestNG.main(RemoteTestNG.java:77)
]]>
            </full-stacktrace>
          </exception> <!-- java.lang.AssertionError -->
          <reporter-output>
            <line>
              <![CDATA[Clicked on Organizations Link]]>
            </line>
            <line>
              <![CDATA[Clicked on Organizations Lookup Image]]>
            </line>
            <line>
              <![CDATA[Organization created]]>
            </line>
          </reporter-output>
        </test-method> <!-- createContactWithOrganizationTest -->
        <test-method is-config="true" signature="amConfig()[pri:0, instance:contactTests.CreateContactWithOrganizationTest@6adbc9d]" started-at="2023-10-04T18:03:49 IST" name="amConfig" finished-at="2023-10-04T18:03:50 IST" duration-ms="1877" status="PASS">
          <reporter-output>
          </reporter-output>
        </test-method> <!-- amConfig -->
        <test-method is-config="true" signature="bmConfig()[pri:0, instance:contactTests.CreateContactWithOrganizationTest@6adbc9d]" started-at="2023-10-04T18:03:51 IST" name="bmConfig" finished-at="2023-10-04T18:03:53 IST" duration-ms="2957" status="PASS">
          <reporter-output>
          </reporter-output>
        </test-method> <!-- bmConfig -->
        <test-method is-config="true" signature="amConfig()[pri:0, instance:contactTests.CreateContactWithOrganizationTest@6adbc9d]" started-at="2023-10-04T18:03:53 IST" name="amConfig" finished-at="2023-10-04T18:03:58 IST" duration-ms="4563" status="PASS">
          <reporter-output>
          </reporter-output>
        </test-method> <!-- amConfig -->
        <test-method signature="demo()[pri:0, instance:contactTests.CreateContactWithOrganizationTest@6adbc9d]" started-at="2023-10-04T18:03:53 IST" name="demo" finished-at="2023-10-04T18:03:53 IST" duration-ms="0" status="PASS">
          <reporter-output>
          </reporter-output>
        </test-method> <!-- demo -->
        <test-method is-config="true" signature="acConfig()[pri:0, instance:contactTests.CreateContactWithOrganizationTest@6adbc9d]" started-at="2023-10-04T18:03:58 IST" name="acConfig" finished-at="2023-10-04T18:03:59 IST" duration-ms="965" status="PASS">
          <reporter-output>
          </reporter-output>
        </test-method> <!-- acConfig -->
        <test-method is-config="true" signature="asConfig()[pri:0, instance:contactTests.CreateContactWithOrganizationTest@6adbc9d]" started-at="2023-10-04T18:04:00 IST" name="asConfig" finished-at="2023-10-04T18:04:00 IST" duration-ms="0" status="PASS">
          <reporter-output>
          </reporter-output>
        </test-method> <!-- asConfig -->
      </class> <!-- contactTests.CreateContactWithOrganizationTest -->
    </test> <!-- Default test -->
  </suite> <!-- Default suite -->
</testng-results>
